生成启动时间为 2018/6/29 10:43:02。
     1>项目“C:\Users\Administrator\Desktop\Homework\计算机视觉\C_SIFT\C_SIFT\C_SIFT.vcxproj”在节点 2 上(Build 个目标)。
     1>ClCompile:
         D:\VS2013\VC\bin\CL.exe /c /I"C:\Users\Administrator\Desktop\Homework\计算机视觉\C_SIFT\C_SIFT\\" /ZI /nologo /W3 /WX- /sdl /Od /Oy- /D WIN32 /D _DEBUG /D _CONSOLE /D _LIB /D _CRT_SECURE_NO_WARNINGS /D _UNICODE /D UNICODE /Gm /EHsc /RTC1 /MDd /GS /fp:precise /Zc:wchar_t /Zc:forScope /Fo"Debug\\" /Fd"Debug\vc120.pdb" /Gd /TP /analyze- /errorReport:prompt Main.cpp SIFT.cpp
         SIFT.cpp
     1>c:\users\administrator\desktop\homework\计算机视觉\c_sift\c_sift\sift.cpp(32): warning C4244: “=”: 从“double”转换到“int”，可能丢失数据
     1>c:\users\administrator\desktop\homework\计算机视觉\c_sift\c_sift\sift.cpp(54): warning C4244: “=”: 从“double”转换到“float”，可能丢失数据
     1>c:\users\administrator\desktop\homework\计算机视觉\c_sift\c_sift\sift.cpp(220): warning C4244: “=”: 从“double”转换到“float”，可能丢失数据
     1>c:\users\administrator\desktop\homework\计算机视觉\c_sift\c_sift\sift.cpp(235): warning C4244: “=”: 从“double”转换到“int”，可能丢失数据
     1>c:\users\administrator\desktop\homework\计算机视觉\c_sift\c_sift\sift.cpp(282): warning C4244: “=”: 从“double”转换到“int”，可能丢失数据
     1>c:\users\administrator\desktop\homework\计算机视觉\c_sift\c_sift\sift.cpp(291): warning C4244: “=”: 从“double”转换到“int”，可能丢失数据
     1>c:\users\administrator\desktop\homework\计算机视觉\c_sift\c_sift\sift.cpp(293): warning C4244: “=”: 从“double”转换到“int”，可能丢失数据
     1>c:\users\administrator\desktop\homework\计算机视觉\c_sift\c_sift\sift.cpp(305): warning C4244: “=”: 从“double”转换到“int”，可能丢失数据
     1>c:\users\administrator\desktop\homework\计算机视觉\c_sift\c_sift\sift.cpp(413): warning C4244: “=”: 从“double”转换到“int”，可能丢失数据
     1>c:\users\administrator\desktop\homework\计算机视觉\c_sift\c_sift\sift.cpp(414): warning C4244: “=”: 从“double”转换到“int”，可能丢失数据
     1>c:\users\administrator\desktop\homework\计算机视觉\c_sift\c_sift\sift.cpp(497): warning C4244: “=”: 从“double”转换到“int”，可能丢失数据
     1>c:\users\administrator\desktop\homework\计算机视觉\c_sift\c_sift\sift.cpp(521): warning C4101: “m”: 未引用的局部变量
         Main.cpp
         正在生成代码...
       Link:
         D:\VS2013\VC\bin\link.exe /ERRORREPORT:PROMPT /OUT:"C:\Users\Administrator\Desktop\Homework\计算机视觉\C_SIFT\Debug\C_SIFT.exe" /INCREMENTAL /NOLOGO kernel32.lib user32.lib gdi32.lib winspool.lib comdlg32.lib advapi32.lib shell32.lib ole32.lib oleaut32.lib uuid.lib odbc32.lib odbccp32.lib /MANIFEST /MANIFESTUAC:"level='asInvoker' uiAccess='false'" /manifest:embed /DEBUG /PDB:"C:\Users\Administrator\Desktop\Homework\计算机视觉\C_SIFT\Debug\C_SIFT.pdb" /SUBSYSTEM:CONSOLE /STACK:"10485760" /TLBID:1 /DYNAMICBASE /NXCOMPAT /IMPLIB:"C:\Users\Administrator\Desktop\Homework\计算机视觉\C_SIFT\Debug\C_SIFT.lib" /MACHINE:X86 Debug\BMPread.obj
         Debug\ImageProcess.obj
         Debug\Main.obj
         Debug\MathFunc.obj
         Debug\SIFT.obj
         C_SIFT.vcxproj -> C:\Users\Administrator\Desktop\Homework\计算机视觉\C_SIFT\Debug\C_SIFT.exe
     1>已完成生成项目“C:\Users\Administrator\Desktop\Homework\计算机视觉\C_SIFT\C_SIFT\C_SIFT.vcxproj”(Build 个目标)的操作。

生成成功。

已用时间 00:00:01.57
